{"contracts/auxiliaries/Policy.sol":{"l":{"27":8,"28":8,"30":8,"31":8,"33":8,"34":8,"36":8,"38":8,"54":60,"55":60,"69":51,"82":63,"90":51,"103":66,"110":68,"116":69,"120":72,"126":5,"127":4,"131":4,"133":3,"134":3,"136":3,"144":60,"150":52,"154":5,"155":4,"159":4,"161":3,"162":3,"164":3},"path":"/Users/ijaebog/dev/elysia/elyfi-governance/contracts/auxiliaries/Policy.sol","s":{"1":8,"2":8,"3":8,"4":8,"5":8,"6":8,"7":8,"8":8,"9":60,"10":51,"11":63,"12":51,"13":66,"14":68,"15":69,"16":72,"17":5,"18":4,"19":4,"20":3,"21":3,"22":3,"23":60,"24":52,"25":5,"26":4,"27":4,"28":3,"29":3,"30":3},"b":{"1":[4,1],"2":[3,1],"3":[4,1],"4":[3,1]},"f":{"1":8,"2":60,"3":51,"4":63,"5":51,"6":66,"7":68,"8":69,"9":72,"10":5,"11":4,"12":60,"13":52,"14":5,"15":4},"fnMap":{"1":{"name":"constructor","line":22,"loc":{"start":{"line":22,"column":2},"end":{"line":39,"column":2}}},"2":{"name":"validateProposer","line":47,"loc":{"start":{"line":47,"column":2},"end":{"line":56,"column":2}}},"3":{"name":"validateVoter","line":62,"loc":{"start":{"line":62,"column":2},"end":{"line":70,"column":2}}},"4":{"name":"voteSucceeded","line":75,"loc":{"start":{"line":75,"column":2},"end":{"line":83,"column":2}}},"5":{"name":"getVotes","line":89,"loc":{"start":{"line":89,"column":2},"end":{"line":91,"column":2}}},"6":{"name":"quorumReached","line":97,"loc":{"start":{"line":97,"column":2},"end":{"line":104,"column":2}}},"7":{"name":"quorum","line":109,"loc":{"start":{"line":109,"column":2},"end":{"line":111,"column":2}}},"8":{"name":"quorumNumerator","line":115,"loc":{"start":{"line":115,"column":2},"end":{"line":117,"column":2}}},"9":{"name":"quorumDenominator","line":119,"loc":{"start":{"line":119,"column":2},"end":{"line":121,"column":2}}},"10":{"name":"updateQuorumNumerator","line":125,"loc":{"start":{"line":125,"column":2},"end":{"line":128,"column":2}}},"11":{"name":"_updateQuorumNumerator","line":130,"loc":{"start":{"line":130,"column":2},"end":{"line":137,"column":2}}},"12":{"name":"_validateProposer","line":143,"loc":{"start":{"line":143,"column":2},"end":{"line":145,"column":2}}},"13":{"name":"minVotingPower","line":149,"loc":{"start":{"line":149,"column":2},"end":{"line":151,"column":2}}},"14":{"name":"updateMinVotingPower","line":153,"loc":{"start":{"line":153,"column":2},"end":{"line":156,"column":2}}},"15":{"name":"_updateMinVotingPower","line":158,"loc":{"start":{"line":158,"column":2},"end":{"line":165,"column":2}}}},"statementMap":{"1":{"start":{"line":27,"column":4},"end":{"line":27,"column":54}},"2":{"start":{"line":28,"column":4},"end":{"line":28,"column":57}},"3":{"start":{"line":30,"column":4},"end":{"line":30,"column":47}},"4":{"start":{"line":31,"column":4},"end":{"line":31,"column":46}},"5":{"start":{"line":33,"column":4},"end":{"line":33,"column":36}},"6":{"start":{"line":34,"column":4},"end":{"line":34,"column":38}},"7":{"start":{"line":36,"column":4},"end":{"line":36,"column":29}},"8":{"start":{"line":38,"column":4},"end":{"line":38,"column":50}},"9":{"start":{"line":55,"column":4},"end":{"line":55,"column":37}},"10":{"start":{"line":69,"column":4},"end":{"line":69,"column":71}},"11":{"start":{"line":82,"column":4},"end":{"line":82,"column":60}},"12":{"start":{"line":90,"column":4},"end":{"line":90,"column":51}},"13":{"start":{"line":103,"column":4},"end":{"line":103,"column":85}},"14":{"start":{"line":110,"column":4},"end":{"line":110,"column":92}},"15":{"start":{"line":116,"column":4},"end":{"line":116,"column":27}},"16":{"start":{"line":120,"column":4},"end":{"line":120,"column":14}},"17":{"start":{"line":126,"column":4},"end":{"line":126,"column":71}},"18":{"start":{"line":127,"column":4},"end":{"line":127,"column":45}},"19":{"start":{"line":131,"column":4},"end":{"line":131,"column":95}},"20":{"start":{"line":133,"column":4},"end":{"line":133,"column":49}},"21":{"start":{"line":134,"column":4},"end":{"line":134,"column":40}},"22":{"start":{"line":136,"column":4},"end":{"line":136,"column":71}},"23":{"start":{"line":144,"column":4},"end":{"line":144,"column":49}},"24":{"start":{"line":150,"column":4},"end":{"line":150,"column":26}},"25":{"start":{"line":154,"column":4},"end":{"line":154,"column":71}},"26":{"start":{"line":155,"column":4},"end":{"line":155,"column":43}},"27":{"start":{"line":159,"column":4},"end":{"line":159,"column":84}},"28":{"start":{"line":161,"column":4},"end":{"line":161,"column":47}},"29":{"start":{"line":162,"column":4},"end":{"line":162,"column":38}},"30":{"start":{"line":164,"column":4},"end":{"line":164,"column":68}}},"branchMap":{"1":{"line":126,"type":"if","locations":[{"start":{"line":126,"column":4},"end":{"line":126,"column":4}},{"start":{"line":126,"column":4},"end":{"line":126,"column":4}}]},"2":{"line":131,"type":"if","locations":[{"start":{"line":131,"column":4},"end":{"line":131,"column":4}},{"start":{"line":131,"column":4},"end":{"line":131,"column":4}}]},"3":{"line":154,"type":"if","locations":[{"start":{"line":154,"column":4},"end":{"line":154,"column":4}},{"start":{"line":154,"column":4},"end":{"line":154,"column":4}}]},"4":{"line":159,"type":"if","locations":[{"start":{"line":159,"column":4},"end":{"line":159,"column":4}},{"start":{"line":159,"column":4},"end":{"line":159,"column":4}}]}}},"contracts/core/ElyfiGovernanceCore.sol":{"l":{"16":8,"30":0,"43":0,"59":0,"60":0,"67":66,"69":66,"76":63,"78":63,"90":51,"95":49,"97":49,"98":48,"100":48,"101":12,"103":36,"105":0,"107":0,"112":0,"116":0,"122":2,"131":51,"140":125,"149":60,"150":59,"160":26,"169":0,"173":0,"182":0},"path":"/Users/ijaebog/dev/elysia/elyfi-governance/contracts/core/ElyfiGovernanceCore.sol","s":{"1":8,"2":0,"3":0,"4":0,"5":0,"6":66,"7":66,"8":63,"9":63,"10":51,"11":49,"12":49,"13":48,"14":48,"15":12,"16":36,"17":36,"18":0,"19":0,"20":0,"21":0,"22":0,"23":2,"24":51,"25":125,"26":60,"27":59,"28":26,"29":0,"30":0,"31":0},"b":{"1":[49,2],"2":[48,1],"3":[12,36],"4":[36,0],"5":[0,0],"6":[59,1]},"f":{"1":8,"2":0,"3":0,"4":0,"5":66,"6":63,"7":51,"8":0,"9":0,"10":2,"11":51,"12":125,"13":60,"14":26,"15":0,"16":0,"17":0},"fnMap":{"1":{"name":"constructor","line":14,"loc":{"start":{"line":12,"column":2},"end":{"line":17,"column":2}}},"2":{"name":"COUNTING_MODE","line":29,"loc":{"start":{"line":29,"column":2},"end":{"line":31,"column":2}}},"3":{"name":"hasVoted","line":36,"loc":{"start":{"line":36,"column":2},"end":{"line":44,"column":2}}},"4":{"name":"proposalVotes","line":49,"loc":{"start":{"line":49,"column":2},"end":{"line":61,"column":2}}},"5":{"name":"_quorumReached","line":66,"loc":{"start":{"line":66,"column":2},"end":{"line":70,"column":2}}},"6":{"name":"_voteSucceeded","line":75,"loc":{"start":{"line":75,"column":2},"end":{"line":79,"column":2}}},"7":{"name":"_countVote","line":84,"loc":{"start":{"line":84,"column":2},"end":{"line":109,"column":2}}},"8":{"name":"votingDelay","line":111,"loc":{"start":{"line":111,"column":2},"end":{"line":113,"column":2}}},"9":{"name":"votingPeriod","line":115,"loc":{"start":{"line":115,"column":2},"end":{"line":117,"column":2}}},"10":{"name":"quorum","line":121,"loc":{"start":{"line":121,"column":2},"end":{"line":123,"column":2}}},"11":{"name":"getVotes","line":125,"loc":{"start":{"line":125,"column":2},"end":{"line":132,"column":2}}},"12":{"name":"state","line":134,"loc":{"start":{"line":134,"column":2},"end":{"line":141,"column":2}}},"13":{"name":"propose","line":143,"loc":{"start":{"line":143,"column":2},"end":{"line":151,"column":2}}},"14":{"name":"_execute","line":153,"loc":{"start":{"line":153,"column":2},"end":{"line":161,"column":2}}},"15":{"name":"_cancel","line":163,"loc":{"start":{"line":163,"column":2},"end":{"line":170,"column":2}}},"16":{"name":"_executor","line":172,"loc":{"start":{"line":172,"column":2},"end":{"line":174,"column":2}}},"17":{"name":"supportsInterface","line":176,"loc":{"start":{"line":176,"column":2},"end":{"line":183,"column":2}}}},"statementMap":{"1":{"start":{"line":16,"column":4},"end":{"line":16,"column":40}},"2":{"start":{"line":30,"column":4},"end":{"line":30,"column":45}},"3":{"start":{"line":43,"column":4},"end":{"line":43,"column":41}},"4":{"start":{"line":59,"column":4},"end":{"line":59,"column":77}},"5":{"start":{"line":60,"column":4},"end":{"line":60,"column":88}},"6":{"start":{"line":67,"column":4},"end":{"line":67,"column":77}},"7":{"start":{"line":69,"column":4},"end":{"line":69,"column":76}},"8":{"start":{"line":76,"column":4},"end":{"line":76,"column":77}},"9":{"start":{"line":78,"column":4},"end":{"line":78,"column":46}},"10":{"start":{"line":90,"column":4},"end":{"line":90,"column":2469}},"11":{"start":{"line":95,"column":4},"end":{"line":95,"column":77}},"12":{"start":{"line":97,"column":4},"end":{"line":97,"column":81}},"13":{"start":{"line":98,"column":4},"end":{"line":98,"column":40}},"14":{"start":{"line":100,"column":4},"end":{"line":100,"column":2803}},"15":{"start":{"line":101,"column":6},"end":{"line":101,"column":40}},"16":{"start":{"line":102,"column":11},"end":{"line":102,"column":2910}},"17":{"start":{"line":103,"column":6},"end":{"line":103,"column":36}},"18":{"start":{"line":104,"column":11},"end":{"line":104,"column":3009}},"19":{"start":{"line":105,"column":6},"end":{"line":105,"column":40}},"20":{"start":{"line":107,"column":6},"end":{"line":107,"column":72}},"21":{"start":{"line":112,"column":4},"end":{"line":112,"column":12}},"22":{"start":{"line":116,"column":4},"end":{"line":116,"column":16}},"23":{"start":{"line":122,"column":4},"end":{"line":122,"column":38}},"24":{"start":{"line":131,"column":4},"end":{"line":131,"column":49}},"25":{"start":{"line":140,"column":4},"end":{"line":140,"column":34}},"26":{"start":{"line":149,"column":4},"end":{"line":149,"column":84}},"27":{"start":{"line":150,"column":4},"end":{"line":150,"column":65}},"28":{"start":{"line":160,"column":4},"end":{"line":160,"column":74}},"29":{"start":{"line":169,"column":4},"end":{"line":169,"column":69}},"30":{"start":{"line":173,"column":4},"end":{"line":173,"column":28}},"31":{"start":{"line":182,"column":4},"end":{"line":182,"column":47}}},"branchMap":{"1":{"line":90,"type":"if","locations":[{"start":{"line":90,"column":4},"end":{"line":90,"column":4}},{"start":{"line":90,"column":4},"end":{"line":90,"column":4}}]},"2":{"line":97,"type":"if","locations":[{"start":{"line":97,"column":4},"end":{"line":97,"column":4}},{"start":{"line":97,"column":4},"end":{"line":97,"column":4}}]},"3":{"line":100,"type":"if","locations":[{"start":{"line":100,"column":4},"end":{"line":100,"column":4}},{"start":{"line":100,"column":4},"end":{"line":100,"column":4}}]},"4":{"line":102,"type":"if","locations":[{"start":{"line":102,"column":11},"end":{"line":102,"column":11}},{"start":{"line":102,"column":11},"end":{"line":102,"column":11}}]},"5":{"line":104,"type":"if","locations":[{"start":{"line":104,"column":11},"end":{"line":104,"column":11}},{"start":{"line":104,"column":11},"end":{"line":104,"column":11}}]},"6":{"line":149,"type":"if","locations":[{"start":{"line":149,"column":4},"end":{"line":149,"column":4}},{"start":{"line":149,"column":4},"end":{"line":149,"column":4}}]}}},"contracts/core/Executor.sol":{"l":{"28":24,"29":24,"30":24,"31":24,"41":0,"52":0,"63":21},"path":"/Users/ijaebog/dev/elysia/elyfi-governance/contracts/core/Executor.sol","s":{"1":24,"2":24,"3":24,"4":24,"5":0,"6":0,"7":21},"b":{},"f":{"1":8,"2":24,"3":0,"4":0,"5":21},"fnMap":{"1":{"name":"constructor","line":24,"loc":{"start":{"line":15,"column":2},"end":{"line":25,"column":3}}},"2":{"name":"init","line":27,"loc":{"start":{"line":27,"column":2},"end":{"line":32,"column":2}}},"3":{"name":"execute","line":34,"loc":{"start":{"line":34,"column":2},"end":{"line":42,"column":2}}},"4":{"name":"schedule","line":44,"loc":{"start":{"line":44,"column":2},"end":{"line":53,"column":2}}},"5":{"name":"scheduleBatch","line":55,"loc":{"start":{"line":55,"column":2},"end":{"line":64,"column":2}}}},"statementMap":{"1":{"start":{"line":28,"column":4},"end":{"line":28,"column":47}},"2":{"start":{"line":29,"column":4},"end":{"line":29,"column":43}},"3":{"start":{"line":30,"column":4},"end":{"line":30,"column":39}},"4":{"start":{"line":31,"column":4},"end":{"line":31,"column":30}},"5":{"start":{"line":41,"column":4},"end":{"line":41,"column":56}},"6":{"start":{"line":52,"column":4},"end":{"line":52,"column":64}},"7":{"start":{"line":63,"column":4},"end":{"line":63,"column":72}}},"branchMap":{}},"contracts/dependencies/IConnector.sol":{"l":{},"path":"/Users/ijaebog/dev/elysia/elyfi-governance/contracts/dependencies/IConnector.sol","s":{},"b":{},"f":{},"fnMap":{},"statementMap":{},"branchMap":{}},"contracts/interfaces/IElyfiGovernanceCore.sol":{"l":{},"path":"/Users/ijaebog/dev/elysia/elyfi-governance/contracts/interfaces/IElyfiGovernanceCore.sol","s":{},"b":{},"f":{},"fnMap":{},"statementMap":{},"branchMap":{}},"contracts/interfaces/IPolicy.sol":{"l":{},"path":"/Users/ijaebog/dev/elysia/elyfi-governance/contracts/interfaces/IPolicy.sol","s":{},"b":{},"f":{},"fnMap":{},"statementMap":{},"branchMap":{}},"contracts/libraries/DataStruct.sol":{"l":{},"path":"/Users/ijaebog/dev/elysia/elyfi-governance/contracts/libraries/DataStruct.sol","s":{},"b":{},"f":{},"fnMap":{},"statementMap":{},"branchMap":{}},"contracts/test/ElyfiGovernanceCoreTest.sol":{"l":{"17":8,"18":8,"24":59,"28":59},"path":"/Users/ijaebog/dev/elysia/elyfi-governance/contracts/test/ElyfiGovernanceCoreTest.sol","s":{"1":8,"2":8,"3":59,"4":59},"b":{},"f":{"1":8,"2":59,"3":59},"fnMap":{"1":{"name":"constructor","line":16,"loc":{"start":{"line":12,"column":2},"end":{"line":19,"column":2}}},"2":{"name":"votingDelay","line":23,"loc":{"start":{"line":23,"column":2},"end":{"line":25,"column":2}}},"3":{"name":"votingPeriod","line":27,"loc":{"start":{"line":27,"column":2},"end":{"line":29,"column":2}}}},"statementMap":{"1":{"start":{"line":17,"column":4},"end":{"line":17,"column":30}},"2":{"start":{"line":18,"column":4},"end":{"line":18,"column":32}},"3":{"start":{"line":24,"column":4},"end":{"line":24,"column":23}},"4":{"start":{"line":28,"column":4},"end":{"line":28,"column":24}}},"branchMap":{}}}