{"contracts/auxiliaries/Policy.sol":{"l":{"26":82,"27":9,"29":9,"30":8,"32":8,"33":8,"35":6,"37":6,"53":6,"54":6,"68":72,"81":56,"89":9,"102":8,"109":8,"115":6,"119":6,"125":6,"126":0,"130":0,"132":0,"133":0,"135":0,"143":0,"149":0,"153":0,"154":0,"158":0,"160":0,"161":0,"163":0},"path":"/Users/ijaebog/dev/elysia/elyfi-governance/contracts/auxiliaries/Policy.sol","s":{"1":9,"2":9,"3":8,"4":8,"5":8,"6":8,"7":6,"8":6,"9":72,"10":56,"11":9,"12":9,"13":8,"14":8,"15":6,"16":6,"17":0,"18":0,"19":0,"20":0,"21":0,"22":0,"23":0,"24":0,"25":0,"26":0,"27":0,"28":0,"29":0,"30":0},"b":{"1":[0,0],"2":[0,0],"3":[0,0],"4":[0,0]},"f":{"1":82,"2":6,"3":72,"4":56,"5":9,"6":8,"7":8,"8":8,"9":6,"10":6,"11":0,"12":0,"13":0,"14":0,"15":0},"fnMap":{"1":{"name":"constructor","line":21,"loc":{"start":{"line":21,"column":2},"end":{"line":38,"column":2}}},"2":{"name":"validateProposer","line":46,"loc":{"start":{"line":46,"column":2},"end":{"line":55,"column":2}}},"3":{"name":"validateVoter","line":61,"loc":{"start":{"line":61,"column":2},"end":{"line":69,"column":2}}},"4":{"name":"voteSucceeded","line":74,"loc":{"start":{"line":74,"column":2},"end":{"line":82,"column":2}}},"5":{"name":"getVotes","line":88,"loc":{"start":{"line":88,"column":2},"end":{"line":90,"column":2}}},"6":{"name":"quorumReached","line":96,"loc":{"start":{"line":96,"column":2},"end":{"line":103,"column":2}}},"7":{"name":"quorum","line":108,"loc":{"start":{"line":108,"column":2},"end":{"line":110,"column":2}}},"8":{"name":"quorumNumerator","line":114,"loc":{"start":{"line":114,"column":2},"end":{"line":116,"column":2}}},"9":{"name":"quorumDenominator","line":118,"loc":{"start":{"line":118,"column":2},"end":{"line":120,"column":2}}},"10":{"name":"updateQuorumNumerator","line":124,"loc":{"start":{"line":124,"column":2},"end":{"line":127,"column":2}}},"11":{"name":"_updateQuorumNumerator","line":129,"loc":{"start":{"line":129,"column":2},"end":{"line":136,"column":2}}},"12":{"name":"_validateProposer","line":142,"loc":{"start":{"line":142,"column":2},"end":{"line":144,"column":2}}},"13":{"name":"minVotingPower","line":148,"loc":{"start":{"line":148,"column":2},"end":{"line":150,"column":2}}},"14":{"name":"updateMinVotingPower","line":152,"loc":{"start":{"line":152,"column":2},"end":{"line":155,"column":2}}},"15":{"name":"_updateMinVotingPower","line":157,"loc":{"start":{"line":157,"column":2},"end":{"line":164,"column":2}}}},"statementMap":{"1":{"start":{"line":26,"column":4},"end":{"line":26,"column":54}},"2":{"start":{"line":27,"column":4},"end":{"line":27,"column":57}},"3":{"start":{"line":29,"column":4},"end":{"line":29,"column":47}},"4":{"start":{"line":30,"column":4},"end":{"line":30,"column":46}},"5":{"start":{"line":32,"column":4},"end":{"line":32,"column":36}},"6":{"start":{"line":33,"column":4},"end":{"line":33,"column":38}},"7":{"start":{"line":35,"column":4},"end":{"line":35,"column":29}},"8":{"start":{"line":37,"column":4},"end":{"line":37,"column":50}},"9":{"start":{"line":54,"column":4},"end":{"line":54,"column":37}},"10":{"start":{"line":68,"column":4},"end":{"line":68,"column":71}},"11":{"start":{"line":81,"column":4},"end":{"line":81,"column":60}},"12":{"start":{"line":89,"column":4},"end":{"line":89,"column":51}},"13":{"start":{"line":102,"column":4},"end":{"line":102,"column":85}},"14":{"start":{"line":109,"column":4},"end":{"line":109,"column":92}},"15":{"start":{"line":115,"column":4},"end":{"line":115,"column":27}},"16":{"start":{"line":119,"column":4},"end":{"line":119,"column":14}},"17":{"start":{"line":125,"column":4},"end":{"line":125,"column":71}},"18":{"start":{"line":126,"column":4},"end":{"line":126,"column":45}},"19":{"start":{"line":130,"column":4},"end":{"line":130,"column":95}},"20":{"start":{"line":132,"column":4},"end":{"line":132,"column":49}},"21":{"start":{"line":133,"column":4},"end":{"line":133,"column":40}},"22":{"start":{"line":135,"column":4},"end":{"line":135,"column":71}},"23":{"start":{"line":143,"column":4},"end":{"line":143,"column":49}},"24":{"start":{"line":149,"column":4},"end":{"line":149,"column":26}},"25":{"start":{"line":153,"column":4},"end":{"line":153,"column":71}},"26":{"start":{"line":154,"column":4},"end":{"line":154,"column":43}},"27":{"start":{"line":158,"column":4},"end":{"line":158,"column":87}},"28":{"start":{"line":160,"column":4},"end":{"line":160,"column":47}},"29":{"start":{"line":161,"column":4},"end":{"line":161,"column":38}},"30":{"start":{"line":163,"column":4},"end":{"line":163,"column":68}}},"branchMap":{"1":{"line":125,"type":"if","locations":[{"start":{"line":125,"column":4},"end":{"line":125,"column":4}},{"start":{"line":125,"column":4},"end":{"line":125,"column":4}}]},"2":{"line":130,"type":"if","locations":[{"start":{"line":130,"column":4},"end":{"line":130,"column":4}},{"start":{"line":130,"column":4},"end":{"line":130,"column":4}}]},"3":{"line":153,"type":"if","locations":[{"start":{"line":153,"column":4},"end":{"line":153,"column":4}},{"start":{"line":153,"column":4},"end":{"line":153,"column":4}}]},"4":{"line":158,"type":"if","locations":[{"start":{"line":158,"column":4},"end":{"line":158,"column":4}},{"start":{"line":158,"column":4},"end":{"line":158,"column":4}}]}}},"contracts/auxiliaries/RewardBadge.sol":{"l":{},"path":"/Users/ijaebog/dev/elysia/elyfi-governance/contracts/auxiliaries/RewardBadge.sol","s":{},"b":{},"f":{"1":0},"fnMap":{"1":{"name":"constructor","line":8,"loc":{"start":{"line":7,"column":2},"end":{"line":9,"column":3}}}},"statementMap":{},"branchMap":{}},"contracts/core/ElyfiGovernanceCore.sol":{"l":{"13":15,"27":36,"39":1,"53":0,"54":1,"60":0,"62":0,"68":0,"70":1,"82":55,"87":137,"89":72,"90":71,"92":39,"93":0,"95":0,"97":0,"99":0,"106":0,"112":0,"120":0,"132":0,"143":0,"158":0,"159":0,"170":0,"180":0,"184":0,"193":0},"path":"/Users/ijaebog/dev/elysia/elyfi-governance/contracts/core/ElyfiGovernanceCore.sol","s":{"1":37,"2":36,"3":1,"4":0,"5":1,"6":0,"7":0,"8":1,"9":1,"10":137,"11":72,"12":72,"13":71,"14":39,"15":0,"16":0,"17":0,"18":0,"19":0,"20":0,"21":0,"22":0,"23":0,"24":0,"25":0,"26":0,"27":0,"28":0,"29":0,"30":0,"31":0},"b":{"1":[137,-82],"2":[71,1],"3":[39,0],"4":[0,0],"5":[0,0],"6":[0,0]},"f":{"1":15,"2":37,"3":36,"4":0,"5":1,"6":0,"7":55,"8":0,"9":0,"10":0,"11":0,"12":0,"13":0,"14":0,"15":0,"16":0,"17":0},"fnMap":{"1":{"name":"constructor","line":11,"loc":{"start":{"line":9,"column":2},"end":{"line":14,"column":2}}},"2":{"name":"COUNTING_MODE","line":26,"loc":{"start":{"line":26,"column":2},"end":{"line":28,"column":2}}},"3":{"name":"hasVoted","line":32,"loc":{"start":{"line":32,"column":2},"end":{"line":40,"column":2}}},"4":{"name":"proposalVotes","line":43,"loc":{"start":{"line":43,"column":2},"end":{"line":55,"column":2}}},"5":{"name":"_quorumReached","line":59,"loc":{"start":{"line":59,"column":2},"end":{"line":63,"column":2}}},"6":{"name":"_voteSucceeded","line":67,"loc":{"start":{"line":67,"column":2},"end":{"line":71,"column":2}}},"7":{"name":"_countVote","line":76,"loc":{"start":{"line":76,"column":2},"end":{"line":101,"column":2}}},"8":{"name":"votingDelay","line":105,"loc":{"start":{"line":105,"column":2},"end":{"line":107,"column":2}}},"9":{"name":"votingPeriod","line":111,"loc":{"start":{"line":111,"column":2},"end":{"line":113,"column":2}}},"10":{"name":"quorum","line":119,"loc":{"start":{"line":119,"column":2},"end":{"line":121,"column":2}}},"11":{"name":"getVotes","line":126,"loc":{"start":{"line":126,"column":2},"end":{"line":133,"column":2}}},"12":{"name":"state","line":137,"loc":{"start":{"line":137,"column":2},"end":{"line":144,"column":2}}},"13":{"name":"propose","line":152,"loc":{"start":{"line":152,"column":2},"end":{"line":160,"column":2}}},"14":{"name":"_execute","line":163,"loc":{"start":{"line":163,"column":2},"end":{"line":171,"column":2}}},"15":{"name":"_cancel","line":174,"loc":{"start":{"line":174,"column":2},"end":{"line":181,"column":2}}},"16":{"name":"_executor","line":183,"loc":{"start":{"line":183,"column":2},"end":{"line":185,"column":2}}},"17":{"name":"supportsInterface","line":187,"loc":{"start":{"line":187,"column":2},"end":{"line":194,"column":2}}}},"statementMap":{"1":{"start":{"line":13,"column":4},"end":{"line":13,"column":39}},"2":{"start":{"line":27,"column":4},"end":{"line":27,"column":45}},"3":{"start":{"line":39,"column":4},"end":{"line":39,"column":41}},"4":{"start":{"line":53,"column":4},"end":{"line":53,"column":77}},"5":{"start":{"line":54,"column":4},"end":{"line":54,"column":88}},"6":{"start":{"line":60,"column":4},"end":{"line":60,"column":77}},"7":{"start":{"line":62,"column":4},"end":{"line":62,"column":76}},"8":{"start":{"line":68,"column":4},"end":{"line":68,"column":77}},"9":{"start":{"line":70,"column":4},"end":{"line":70,"column":46}},"10":{"start":{"line":82,"column":4},"end":{"line":82,"column":2797}},"11":{"start":{"line":87,"column":4},"end":{"line":87,"column":77}},"12":{"start":{"line":89,"column":4},"end":{"line":89,"column":81}},"13":{"start":{"line":90,"column":4},"end":{"line":90,"column":40}},"14":{"start":{"line":92,"column":4},"end":{"line":92,"column":3131}},"15":{"start":{"line":93,"column":6},"end":{"line":93,"column":40}},"16":{"start":{"line":94,"column":11},"end":{"line":94,"column":3238}},"17":{"start":{"line":95,"column":6},"end":{"line":95,"column":36}},"18":{"start":{"line":96,"column":11},"end":{"line":96,"column":3337}},"19":{"start":{"line":97,"column":6},"end":{"line":97,"column":40}},"20":{"start":{"line":99,"column":6},"end":{"line":99,"column":46}},"21":{"start":{"line":106,"column":4},"end":{"line":106,"column":12}},"22":{"start":{"line":112,"column":4},"end":{"line":112,"column":15}},"23":{"start":{"line":120,"column":4},"end":{"line":120,"column":38}},"24":{"start":{"line":132,"column":4},"end":{"line":132,"column":49}},"25":{"start":{"line":143,"column":4},"end":{"line":143,"column":34}},"26":{"start":{"line":158,"column":4},"end":{"line":158,"column":84}},"27":{"start":{"line":159,"column":4},"end":{"line":159,"column":65}},"28":{"start":{"line":170,"column":4},"end":{"line":170,"column":74}},"29":{"start":{"line":180,"column":4},"end":{"line":180,"column":69}},"30":{"start":{"line":184,"column":4},"end":{"line":184,"column":28}},"31":{"start":{"line":193,"column":4},"end":{"line":193,"column":47}}},"branchMap":{"1":{"line":82,"type":"if","locations":[{"start":{"line":82,"column":4},"end":{"line":82,"column":4}},{"start":{"line":82,"column":4},"end":{"line":82,"column":4}}]},"2":{"line":89,"type":"if","locations":[{"start":{"line":89,"column":4},"end":{"line":89,"column":4}},{"start":{"line":89,"column":4},"end":{"line":89,"column":4}}]},"3":{"line":92,"type":"if","locations":[{"start":{"line":92,"column":4},"end":{"line":92,"column":4}},{"start":{"line":92,"column":4},"end":{"line":92,"column":4}}]},"4":{"line":94,"type":"if","locations":[{"start":{"line":94,"column":11},"end":{"line":94,"column":11}},{"start":{"line":94,"column":11},"end":{"line":94,"column":11}}]},"5":{"line":96,"type":"if","locations":[{"start":{"line":96,"column":11},"end":{"line":96,"column":11}},{"start":{"line":96,"column":11},"end":{"line":96,"column":11}}]},"6":{"line":158,"type":"if","locations":[{"start":{"line":158,"column":4},"end":{"line":158,"column":4}},{"start":{"line":158,"column":4},"end":{"line":158,"column":4}}]}}},"contracts/core/Executor.sol":{"l":{"29":0,"30":0,"31":0,"32":0},"path":"/Users/ijaebog/dev/elysia/elyfi-governance/contracts/core/Executor.sol","s":{"1":0,"2":0,"3":0,"4":0},"b":{},"f":{"1":0,"2":0},"fnMap":{"1":{"name":"constructor","line":25,"loc":{"start":{"line":16,"column":2},"end":{"line":26,"column":3}}},"2":{"name":"init","line":28,"loc":{"start":{"line":28,"column":2},"end":{"line":33,"column":2}}}},"statementMap":{"1":{"start":{"line":29,"column":4},"end":{"line":29,"column":47}},"2":{"start":{"line":30,"column":4},"end":{"line":30,"column":43}},"3":{"start":{"line":31,"column":4},"end":{"line":31,"column":39}},"4":{"start":{"line":32,"column":4},"end":{"line":32,"column":30}}},"branchMap":{}},"contracts/dependencies/IConnector.sol":{"l":{},"path":"/Users/ijaebog/dev/elysia/elyfi-governance/contracts/dependencies/IConnector.sol","s":{},"b":{},"f":{},"fnMap":{},"statementMap":{},"branchMap":{}},"contracts/interfaces/IERC1155Tradable.sol":{"l":{},"path":"/Users/ijaebog/dev/elysia/elyfi-governance/contracts/interfaces/IERC1155Tradable.sol","s":{},"b":{},"f":{},"fnMap":{},"statementMap":{},"branchMap":{}},"contracts/interfaces/IPolicy.sol":{"l":{},"path":"/Users/ijaebog/dev/elysia/elyfi-governance/contracts/interfaces/IPolicy.sol","s":{},"b":{},"f":{},"fnMap":{},"statementMap":{},"branchMap":{}},"contracts/libraries/DataStruct.sol":{"l":{},"path":"/Users/ijaebog/dev/elysia/elyfi-governance/contracts/libraries/DataStruct.sol","s":{},"b":{},"f":{},"fnMap":{},"statementMap":{},"branchMap":{}}}